action: py36, msg: envreport
cwd: /Users/michaellindberg/Desktop/BioSim_G09_Michael_Daniel
cmd: /Users/michaellindberg/Desktop/BioSim_G09_Michael_Daniel/.tox/py36/bin/python -m pip freeze
attrs==19.3.0
biosim==0.0.0
cycler==0.10.0
importlib-metadata==1.3.0
kiwisolver==1.1.0
matplotlib==3.1.2
more-itertools==8.0.2
numpy==1.18.1
packaging==20.0
pandas==0.25.3
pluggy==0.13.1
py==1.8.1
pyparsing==2.4.6
pytest==5.3.2
pytest-randomly==3.2.0
python-dateutil==2.8.1
pytz==2019.3
six==1.13.0
UNKNOWN==0.0.0
wcwidth==0.1.8
zipp==0.6.0
